<?xml version="1.0" encoding="UTF-8"?>
<testng-results ignored="0" total="3" passed="3" failed="0" skipped="0">
  <reporter-output>
  </reporter-output>
  <suite started-at="2024-10-31T18:51:58 EDT" name="Suite" finished-at="2024-10-31T18:54:24 EDT" duration-ms="145291">
    <groups>
      <group name="cucumber">
        <method signature="AbstractTestNGCucumberTests.runScenario(io.cucumber.testng.PickleEventWrapper,io.cucumber.testng.CucumberFeatureWrapper)[pri:0, instance:com.testrun.RunnerFile@37d4349f]" name="runScenario" class="io.cucumber.testng.AbstractTestNGCucumberTests"/>
      </group> <!-- cucumber -->
    </groups>
    <test started-at="2024-10-31T18:51:58 EDT" name="Test" finished-at="2024-10-31T18:54:24 EDT" duration-ms="145291">
      <class name="com.testrun.RunnerFile">
        <test-method is-config="true" signature="setUpClass()[pri:0, instance:com.testrun.RunnerFile@37d4349f]" started-at="2024-10-31T18:51:58 EDT" name="setUpClass" finished-at="2024-10-31T18:51:58 EDT" duration-ms="74" status="PASS">
          <reporter-output>
          </reporter-output>
        </test-method> <!-- setUpClass -->
        <test-method signature="runScenario(io.cucumber.testng.PickleEventWrapper,io.cucumber.testng.CucumberFeatureWrapper)[pri:0, instance:com.testrun.RunnerFile@37d4349f]" started-at="2024-10-31T18:51:58 EDT" name="runScenario" description="Runs Cucumber Scenarios" data-provider="scenarios" finished-at="2024-10-31T18:52:43 EDT" duration-ms="44229" status="PASS">
          <params>
            <param index="0">
              <value>
                <![CDATA["As a para bank user,Login should pass with valid credential"]]>
              </value>
            </param>
            <param index="1">
              <value>
                <![CDATA["Login Function Test"]]>
              </value>
            </param>
          </params>
          <reporter-output>
          </reporter-output>
        </test-method> <!-- runScenario -->
        <test-method signature="runScenario(io.cucumber.testng.PickleEventWrapper,io.cucumber.testng.CucumberFeatureWrapper)[pri:0, instance:com.testrun.RunnerFile@37d4349f]" started-at="2024-10-31T18:52:43 EDT" name="runScenario" description="Runs Cucumber Scenarios" data-provider="scenarios" finished-at="2024-10-31T18:53:28 EDT" duration-ms="45075" status="PASS">
          <params>
            <param index="0">
              <value>
                <![CDATA["As a para bank user,Login should fail with invalid credential"]]>
              </value>
            </param>
            <param index="1">
              <value>
                <![CDATA["Login Function Test"]]>
              </value>
            </param>
          </params>
          <reporter-output>
          </reporter-output>
        </test-method> <!-- runScenario -->
        <test-method signature="runScenario(io.cucumber.testng.PickleEventWrapper,io.cucumber.testng.CucumberFeatureWrapper)[pri:0, instance:com.testrun.RunnerFile@37d4349f]" started-at="2024-10-31T18:53:28 EDT" name="runScenario" description="Runs Cucumber Scenarios" data-provider="scenarios" finished-at="2024-10-31T18:54:24 EDT" duration-ms="55774" status="PASS">
          <params>
            <param index="0">
              <value>
                <![CDATA["As a para bank user,Login should fail with null credential"]]>
              </value>
            </param>
            <param index="1">
              <value>
                <![CDATA["Login Function Test"]]>
              </value>
            </param>
          </params>
          <reporter-output>
          </reporter-output>
        </test-method> <!-- runScenario -->
        <test-method is-config="true" signature="tearDownClass()[pri:0, instance:com.testrun.RunnerFile@37d4349f]" started-at="2024-10-31T18:54:24 EDT" name="tearDownClass" finished-at="2024-10-31T18:54:24 EDT" duration-ms="76" status="PASS">
          <reporter-output>
          </reporter-output>
        </test-method> <!-- tearDownClass -->
      </class> <!-- com.testrun.RunnerFile -->
    </test> <!-- Test -->
  </suite> <!-- Suite -->
</testng-results>
