<?xml version="1.0" encoding="UTF-8"?>
<testng-results ignored="0" total="3" passed="3" failed="0" skipped="0">
  <reporter-output>
  </reporter-output>
  <suite started-at="2024-11-03T02:39:16 EST" name="Default suite" finished-at="2024-11-03T02:40:00 EST" duration-ms="44401">
    <groups>
      <group name="cucumber">
        <method signature="AbstractTestNGCucumberTests.runScenario(io.cucumber.testng.PickleEventWrapper,io.cucumber.testng.CucumberFeatureWrapper)[pri:0, instance:com.testrun.RunnerFile@e350b40]" name="runScenario" class="io.cucumber.testng.AbstractTestNGCucumberTests"/>
      </group> <!-- cucumber -->
    </groups>
    <test started-at="2024-11-03T02:39:16 EST" name="Default test" finished-at="2024-11-03T02:40:00 EST" duration-ms="44401">
      <class name="com.testrun.RunnerFile">
        <test-method is-config="true" signature="setUpClass()[pri:0, instance:com.testrun.RunnerFile@e350b40]" started-at="2024-11-03T02:39:16 EST" name="setUpClass" finished-at="2024-11-03T02:39:16 EST" duration-ms="146" status="PASS">
          <reporter-output>
          </reporter-output>
        </test-method> <!-- setUpClass -->
        <test-method signature="runScenario(io.cucumber.testng.PickleEventWrapper,io.cucumber.testng.CucumberFeatureWrapper)[pri:0, instance:com.testrun.RunnerFile@e350b40]" started-at="2024-11-03T02:39:16 EST" name="runScenario" description="Runs Cucumber Scenarios" data-provider="scenarios" finished-at="2024-11-03T02:39:33 EST" duration-ms="17074" status="PASS">
          <params>
            <param index="0">
              <value>
                <![CDATA["As a para bank user,Login should pass with valid credential"]]>
              </value>
            </param>
            <param index="1">
              <value>
                <![CDATA["Login Function Test"]]>
              </value>
            </param>
          </params>
          <reporter-output>
          </reporter-output>
        </test-method> <!-- runScenario -->
        <test-method signature="runScenario(io.cucumber.testng.PickleEventWrapper,io.cucumber.testng.CucumberFeatureWrapper)[pri:0, instance:com.testrun.RunnerFile@e350b40]" started-at="2024-11-03T02:39:33 EST" name="runScenario" description="Runs Cucumber Scenarios" data-provider="scenarios" finished-at="2024-11-03T02:39:46 EST" duration-ms="13184" status="PASS">
          <params>
            <param index="0">
              <value>
                <![CDATA["As a para bank user,Login should fail with invalid credential"]]>
              </value>
            </param>
            <param index="1">
              <value>
                <![CDATA["Login Function Test"]]>
              </value>
            </param>
          </params>
          <reporter-output>
          </reporter-output>
        </test-method> <!-- runScenario -->
        <test-method signature="runScenario(io.cucumber.testng.PickleEventWrapper,io.cucumber.testng.CucumberFeatureWrapper)[pri:0, instance:com.testrun.RunnerFile@e350b40]" started-at="2024-11-03T02:39:47 EST" name="runScenario" description="Runs Cucumber Scenarios" data-provider="scenarios" finished-at="2024-11-03T02:40:00 EST" duration-ms="13649" status="PASS">
          <params>
            <param index="0">
              <value>
                <![CDATA["As a para bank user,Login should fail with null credential"]]>
              </value>
            </param>
            <param index="1">
              <value>
                <![CDATA["Login Function Test"]]>
              </value>
            </param>
          </params>
          <reporter-output>
          </reporter-output>
        </test-method> <!-- runScenario -->
        <test-method is-config="true" signature="tearDownClass()[pri:0, instance:com.testrun.RunnerFile@e350b40]" started-at="2024-11-03T02:40:00 EST" name="tearDownClass" finished-at="2024-11-03T02:40:00 EST" duration-ms="206" status="PASS">
          <reporter-output>
          </reporter-output>
        </test-method> <!-- tearDownClass -->
      </class> <!-- com.testrun.RunnerFile -->
    </test> <!-- Default test -->
  </suite> <!-- Default suite -->
</testng-results>
